10001:
3.4954641350210967
4.392409567998559
3.8102956633002787
2.7963900609470227
4.418083182640144
3.5223159868729486
3.541246028025212
4.078797468354431
4.029884424876169
3.6309819343738474
4.220519876381186
4.23537641572285
3.00379746835443
4.272290619039362
3.7091655665139394
3.5594746229371936
4.472090151281259
10002:
4.349023356758991
3.3834059233449474
4.79577266108482
4.078253698520591
10003:
2.481289719626168
10004:
5.155295010473365
4.180331829324618
4.400314300840831
3.984903257896046
4.764682152368408
4.406288878811079
4.53256738003345
4.386681035673824
4.368903257896045
4.3045554318090895
4.4684922989919365
4.025864388638095
4.368903257896045
3.9541413531341414
4.497792146784935
4.415104808283643
4.515153257896046
4.508903257896046
4.699469295631895
4.106548469826972
4.336175985168773
4.103020904954869
4.146809395080162
4.2242878732806615
5.394617543610332
3.9051995541923423
4.245266894259682
4.4422365912293795
3.5589032578960462
4.8911613224121755
4.632999643438215
10005:
3.612832834648049
4.075082889581031
3.298130937629079
2.9573279497672673
3.0629355774337186
10006:
3.812382629107981
3.2374747856782653
4.0008333333333335
2.726945802770986
10007:
2.146037412537484
2.7510906040268455
2.3241994601154063
2.3332094381075628
2.105257270693512
2.59213391111346
2.2185906040268453
2.9385906040268455
2.5294996949359363
2.844630872483221
2.3285906040268456
2.63303504847129
2.404576998584669
10008:
4.752380952380952
3.2892473118279573
3.555952380952381
2.754802259887006
4.276744186046511
4.038095238095238
4.014285714285714
10009:
3.0462449756716734
3.4600652376514445
4.619628647214855
2.711627101022353
2.618451885168527
3.3632183908045974
1001:
4.431500414479138
3.441352631227906
3.0413526312279062
3.1875779889123526
4.0236663130966495
4.006103589082312
3.7324818757659424
3.438759415640578
2.6851447293479422
3.6794788511368197
3.6263056092843327
3.8703154753872218
2.9304244336812566
3.5881824421289075
3.3972147001934236
3.3040568054565815
4.002928985907709
3.802928985907709
2.9150168979956215
3.138267331772371
2.931500414479138
3.7368225433306783
3.315345541314919
2.7580310267240358
3.526425226509213
3.036363636363636
3.6035783365570597
3.6259984839772073
3.7172147001934235
4.167858477017457
3.6649271184940773
4.7172147001934235
2.9568841216810267
3.46091217918502
3.437644807720305
3.4607441119581295
4.07435755733628
2.7172147001934235
2.7689081048280046
3.7207234721232476
3.9630247560593457
3.0135109964897198
3.6297147001934236
3.9992659822447054
4.090165519865555
3.674661508704062
3.3572147001934236
3.1390897001934235
3.1888235330009946
4.070155876664011
3.1672147001934237
2.3365440887535813
2.5172147001934233
3.675548033526757
3.7919810553336104
4.161659144637868
2.8968554187562976
3.4452387422670525
3.5498677614179135
3.1510608540395775
3.4141843971631203
3.1172147001934234
3.09652504502101
2.9389720223691556
3.994323133928363
2.9190495625787447
2.8081237911025143
2.98388136686009
3.989941972920696
3.4828397001934235
2.9728057545065227
3.135819351356214
3.5280255110042344
2.96661517980973
3.0981670811458044
3.730548033526757
2.6119515422986868
2.6741683425775293
3.5198902854777043
3.533114281783382
3.7172147001934235
3.9946713475922673
2.5495128368393862
3.6216264648993057
3.428926411905135
3.3134588316488225
3.351830084808808
4.05544999431107
3.336092705536255
2.8600718430505663
4.0505480335267565
3.4791194620981853
3.6451426281213513
3.781434883679662
3.1061035890823123
2.7172147001934235
3.09652504502101
3.161659144637868
3.292796095542261
3.431500414479138
3.550548033526757
3.464962447941171
3.050548033526757
3.014253027719556
3.455506711212707
3.4359647001934235
3.6669501499288732
3.750213265473194
3.6554863051316953
2.709581112407164
3.011332347252247
3.351017517094832
3.385889398988604
2.9966264648993057
3.38388136686009
2.6797147001934234
3.009807292786016
3.8399301048931624
3.7039696670808406
3.0529289859077093
3.288643271621995
3.4686271295719546
3.2122642051439185
3.4672147001934235
3.2468004990099915
3.3525088178404823
3.050548033526757
3.8049339984390373
3.4114150516872725
3.190474773453497
3.450548033526757
3.7284191819861405
3.6061035890823123
3.1849566356772945
10010:
2.3062625675856827
2.099068322981366
2.139977413890457
2.9755389112166606
2.688723495395159
2.2709784353409166
2.4167153818048956
2.199068322981366
1.7384622623753057
2.54265806657111
1.9105548094678526
1.8931859700401898
2.0325438027255025
1.7284161490683227
2.879528093096309
2.1977821493479257
1.9240683229813662
2.657007041644319
1.2689478410536554
2.267153429364345
1.7034342273472705
1.8745400210945737
1.9523811118873753
10011:
4.504273019474381
4.1478197674418595
10012:
3.1246100634281775
4.045588371033583
2.989548324987607
3.1196869549324138
3.7152993892281105
3.7955522734256513
2.4831499581894048
3.3059601496563125
3.0075895919937197
3.3200531564010767
3.771479321220824
3.1072968246771984
2.9835228736706494
10013:
3.6077704080141175
3.2714453882243903
3.5674200420496684
3.7180323557735058
3.3279029919599314
3.4660796301365693
3.2597318288520594
3.5964215104784496
3.2646605041891417
3.819155765470769
2.9042446397301505
4.017047005331973
3.251807245558508
3.650343079105901
3.0571494798271086
3.2511834152403547
2.9065405580974972
3.125077636960663
3.374491685917046
2.830663934720874
3.0197749039923245
2.697611986668926
3.2031662150492415
3.6401795542364934
3.6545976111073806
3.197298703460906
3.3606593664248483
2.5861093588619504
2.830081641197404
3.3168739573851904
3.1243055130278443
2.7790057801413712
2.954754843811783
3.801511330837731
3.1092026965725195
2.9719922867341575
3.3966727667598566
3.9738724908706065
3.7877462045029278
2.762399471910957
4.066495175303496
3.279754843811783
3.4708659549228944
3.3704764932963194
3.4670130918208844
2.7488792677749165
3.2438574079143474
3.447896436732137
2.956880943518528
3.5827198033805163
3.012727816784756
3.126476155287193
3.5664862353975435
3.820105721004766
3.300786589843529
2.671046570952567
3.8256434379762396
10014:
3.126969638117434
4.022345494978129
2.609273223167014
3.633548585485855
3.0993446053863525
10015:
3.8257644135692916
3.3137526769105716
2.9302940302940303
3.5442419738664523
3.936841649341649
3.5312257073126636
4.104897204897204
3.8826749826749825
3.913109765283678
3.3915808350922854
4.0035083160083165
3.696008316008316
3.466008316008316
4.149341649341649
4.149341649341649
3.491237673806481
3.7949556844293686
4.192198792198792
3.7779418507515183
4.179107947004626
5.201082942873987
4.166625599958933
4.668237615371373
2.8826749826749825
3.216008316008316
3.3464430986170117
4.177546777546778
3.725325086194651
10016:
2.7537433155080215
1.94726183402654
2.248187759952466
2.8757863262607097
3.692092830071128
10017:
3.1021428571428573
3.446658986175115
3.159920634920635
10018:
4.75777649399833
3.9046475029383054
2.8776022020593333
3.0983765877629814
3.4607117944440047
3.800739456961294
3.5826987444931007
3.29757160826153
2.380603402539525
3.9836502550833597
3.581850568072405
3.9874061236279603
3.929072790294627
3.810072790294627
3.3161128001736095
3.7058299787930298
3.460852451311576
3.6540727902946273
3.46583749617698
3.6540727902946273
3.540739456961294
3.241572790294627
4.075236811458648
4.172641022956819
3.4222546084764454
4.011418761858608
3.6074708485470546
3.896178053452522
3.7491547575077417
4.1305433785299215
10019:
3.473028568853641
3.125477893177965
3.7874549387166545
3.0425328791984683
4.396898249704705
4.274021785907904
3.551153568853641
2.6665381842382563
3.83524447794455
3.365324691848293
4.5070359217948175
2.9696928946963377
3.011363779063851
3.277344045044117
3.801153568853641
3.629229278632821
3.8898907702188286
3.528426296126368
3.394903568853641
4.454999722699795
3.801153568853641
3.842820235520308
3.8112545789546513
3.589032356732429
3.966153568853641
3.892756622288755
3.1396151073151795
3.285643967671957
3.3232774626589507
3.801153568853641
3.390584463162584
3.4165381842382563
3.801153568853641
4.031922799622872
3.288333056033128
4.0608938285939
2.3920626597627317
3.681402402446176
3.984252160402937
4.001153568853641
4.068759202656458
4.255699023399095
3.6912244908394563
3.8868678545679263
4.251153568853641
2.973305467587818
3.8467809452794963
4.208050120577779
3.944010711710784
3.6729092940444805
3.0900424577425296
3.2806716411427974
3.893461261161333
3.303974443324727
3.3725821402822125
2.404927153759301
2.8619900707547816
3.223375791075863
4.407214174914247
3.2297249974250692
2.913870331859421
3.4113230603790647
3.339615107315179
3.3994441671442392
3.890808741267434
4.801153568853641
3.399091713183538
4.787264679964752
3.602829546507272
1002:
3.2283208020050123
2.8291866028708132
3.3746411483253587
3.5487042989152267
3.4029239766081867
3.647368421052631
3.928669234060761
2.4473684210526314
3.4734945471787575
3.47060785767235
4.07793836923916
3.5296379245987306
3.3473684210526313
3.0695906432748536
10020:
4.009979837447245
4.175354514449829
3.7837051010612854
4.315068485846968
3.976008109221071
3.760321834711267
4.006420274087017
4.387160070005384
4.335932901055614
4.066526508361549
4.008687847783163
5.016624355719671
3.8475767366720515
4.134135876456998
4.054439481770091
4.014042600125867
4.36114262814492
3.6706761518767297
4.26912663051494
3.6672737063690213
4.494067964742227
3.4514983052995025
3.8779688935347965
3.8142434033387183
3.364243403338718
2.5642434033387183
4.312877283120139
10021:
2.04756671899529
2.4990929705215414
2.563578314761487
2.160204081632653
10022:
2.208130542477357
3.265611875643836
2.9689442892677977
2.7498339173269257
3.299170855911732
3.2926451075786347
2.578173284456473
2.609833427214935
10023:
4.052777777777777
3.935130718954248
3.9726996527777776
3.6194444444444445
4.875358422939067
3.623509485094851
3.3693716642406595
3.8948830409356723
3.5489609838846476
4.009299516908213
4.477435312024353
10024:
3.5574209221907664
4.030589743185674
3.34835234948583
3.8829237506005714
3.505110547299746
3.138889109127703
3.1149639197337637
3.249862794587081
3.7500514409082415
3.768867663049272
10025:
2.930778032036613
10027:
4.649047295792657
3.774150995809249
3.681668663807417
3.7984377450416638
3.0996275278854943
3.7156989564569227
3.599000664236809
4.336645411962202
3.430509880826671
4.222928893041222
3.870046221678801
3.925623597955313
4.126322688708444
3.4224580629051133
3.9825843034100754
4.4153999907167805
3.704669544692217
4.166120144349556
4.30666195455939
4.0420813093981
3.6133916542256856
4.279025129622818
3.9050264669243537
3.746276431349319
4.356434250574569
4.1485549936086255
4.48230825975271
4.602136864953655
4.767414642731433
4.618696694013485
4.673105699642003
4.170444945761735
3.3758135928626665
3.756603831920622
4.155282059867142
4.620942623266712
4.817414642731432
4.155133940977047
4.2046695446922175
3.6477435484872833
4.29998388819466
4.27462184993864
5.167414642731433
3.835530584760418
3.7512603329062366
4.387365980930946
4.193264982867487
4.0371116124284026
4.479206657587515
4.434503250326369
3.989457653484121
4.3909440544961384
3.7810611751699112
3.6920252346317444
3.579358182362269
4.34982205013884
3.626938452255242
3.672743019435274
4.498367023683814
4.319187692376822
3.7373280626448526
3.7594096396044785
3.3913140138006153
3.3280410409417236
4.6328908332076235
5.015061136487436
3.3554978355363794
4.2449508746154905
3.400747976064766
4.366434250574571
4.287652737969529
4.255433622565359
4.092263127579917
3.900747976064766
4.642244574704222
4.081188747414629
4.378466336136068
4.227278588309664
3.0431265355287525
3.818365213073638
4.8525023620296786
4.972176547493337
3.088565234948015
3.876938452255242
4.157158232475022
4.416324300052304
3.915621116922159
4.186712888345468
10028:
2.8839947089947087
3.1289442039442035
2.8054417374184815
3.8857041107041104
4.025057510927076
2.7460399400664883
4.194066541487449
10029:
3.0705802151189214
3.983623693379791
3.854090014623315
2.8695886056604927
10031:
3.3132247063281546
2.668650530503979
3.5682671322566564
2.5063288994323476
4.0006223130806005
2.9152986886838272
2.717344369850473
2.346773217805359
2.709760374050263
10032:
3.1567414070676283
4.905962590868251
4.272629257534918
4.382974085121125
4.171456728221685
2.7979693935893395
3.5974105986427896
3.464195522595159
3.908245695891082
2.509604047450884
3.258196267844196
4.311759692317526
4.805962590868251
3.5432174928290356
4.211666690689998
2.8627527143250413
3.766506808555326
3.5309625908682514
3.537541538236672
3.7551689400746002
3.277757462663123
3.60533953790875
3.376884576683854
3.6154864003920606
3.653570002800648
3.135129257534918
3.5345167348488924
3.5898706368452626
4.276019088043393
3.290020561882744
3.664557508655994
3.881040472488189
4.212164141255848
3.8583435432492035
3.472629257534918
4.095670732189296
3.3779727689852996
3.3513903194818204
3.496871681777342
3.467928402834063
3.598945047008602
3.721066757534918
3.479772114677775
3.0871220111581064
3.457843265317019
3.6830188679245284
4.045825133823578
10033:
3.676940105149297
3.3510141792233705
2.413448041657233
3.4277337559429473
3.273355875758616
2.692710714468293
3.099162327371519
2.8627986910078826
3.305613940274745
2.9277337559429473
3.4804707385864724
3.2176089293132666
4.499162327371518
3.737257565466757
10034:
1.7163449163449163
2.4137844611528823
10035:
2.701340625625292
4.753830744202366
4.87673697320707
4.370473818014299
4.571470495755163
4.477393840702897
3.7452466194310854
3.6379156784794144
3.8786133528980193
3.525684001950288
4.149043460424901
3.919989359030637
4.157426912220053
4.300613352898019
3.9975788701393986
4.024658550638132
4.146113352898019
4.271470495755162
4.376530019564686
5.34450120336531
10036:
3.3808650594269
3.477965235173824
3.66600558099515
3.4279652351738243
4.005743012951601
3.7073978592872994
3.132566806442062
3.8452937550294197
2.9422509494595386
3.195895264328343
3.424773745812122
3.745206614484169
4.144631901840491
4.035304684715109
4.70164944570014
4.127965235173824
3.7965926861542165
4.096386287805403
2.695070498331719
3.1809064116444126
3.870822378030967
3.477965235173824
4.347582460054207
4.086788764585589
4.064328871537461
4.327965235173824
4.046147053355643
3.929006901840491
3.995897724625301
3.1051582176299646
3.767027735173824
3.213576745965191
3.0933498505584396
3.599497201398191
3.4601927233254828
3.5983356055441944
3.8873058945144834
3.8408684609802757
3.627158783560921
4.011404725619684
3.497628156522139
3.977965235173824
4.385108092316681
4.15852079072938
4.0279652351738235
4.207557071908518
4.761298568507158
4.694631901840491
3.2636795208881098
4.1909281981367865
3.4010622111905082
3.909783416992006
3.910822378030967
3.1555014670578823
3.7344587416673307
4.459446716655306
3.2801391482173026
5.013679520888109
3.506912603594877
4.179099615627576
3.977965235173824
4.517774152371276
3.3490661526050167
4.569298568507158
3.3729466478132295
4.625225509146427
3.6795781383996307
4.227965235173825
3.9552379624465512
4.1078451150537045
4.793182626478172
4.128627486829453
3.943941566534771
3.4173591745677636
4.072926475483902
4.358173568507157
4.197965235173824
3.3772189665171077
4.227965235173825
4.238381901840491
3.8279652351738243
3.514631901840491
4.851242417409658
4.169712807989358
3.0900342006910657
3.9390763462849354
3.663925826306829
4.01743891938435
3.9873637314144257
3.727965235173824
3.4693445455186516
4.36310037030896
3.645875682935018
4.269061125584782
3.6759290360788017
3.3858599720159295
3.399840235173824
4.037489044697633
3.58645580121156
4.293385795921488
4.36875945900054
3.931668938877528
3.6370561442647333
4.58815480863354
3.404435823409118
3.089440080108352
3.857819604105863
3.3232033304119195
3.479238579825777
3.982063595829562
3.9971960044045933
3.4888348003912153
3.669825700290103
4.077965235173824
3.575791322130346
3.8048883120969013
4.727965235173825
3.505743012951602
3.6311065964303686
4.054888312096901
3.8320468678268855
3.937424694633284
3.966601598810188
3.7041557113643004
4.05149464693853
3.5136795208881098
4.370822378030967
4.644631901840491
3.587188536144698
3.443276239958513
4.086939594148183
3.281728676034039
3.370822378030967
4.227965235173825
3.6323769998797064
3.3595441825422454
3.9712807431952144
3.940634918431743
4.194631901840491
3.1779652351738243
4.782743789952379
4.259215235173825
3.3475304525651284
3.7835207907293795
3.4679652351738244
4.727965235173825
3.5214625989699577
3.9712084784170676
3.538310062760031
3.362986332220238
4.028219688100033
4.07411908132767
4.131191041625437
3.5652293861172204
3.8279652351738243
3.500692507901097
4.933847588115
3.627965235173824
3.8048883120969013
4.528936108960233
4.206330619789209
3.5242615314701204
4.060133067341656
4.182510689719279
3.8015790019042255
3.7947668546070226
4.17391118111977
4.488834800391215
3.9429077639094565
3.6178461875547767
3.4455578277664167
3.635608547275735
4.281536663745253
3.543205318681131
4.059580355448738
3.9777434073122446
3.659337784193432
4.227965235173825
4.170272927481516
4.519631901840491
3.8193357935494587
4.512687457396046
3.344573009025414
3.9413798693201656
4.8232033304119195
3.7052379624465512
3.7754765473910186
3.7654652351738243
4.1132111368131685
3.8338974385636546
4.008787152982043
3.370822378030967
4.0279652351738235
4.848120273933514
4.205237962446551
3.060662436191636
3.8177775676135024
4.018563525772114
3.2374890446976337
3.9062261047390416
3.9376426545286627
3.8879652351738243
3.61227896066402
3.876613883822473
2.977965235173824
4.942250949459538
3.9376426545286627
4.094631901840491
3.4074524146610035
3.694631901840491
3.8431726084457134
3.5461470533556425
4.489092831612993
3.587965235173824
3.565544853008219
10037:
3.9538233970030228
3.093170115612552
3.270848353761115
3.802905770029058
3.6892694063926936
3.7125178140360062
3.291055120678408
2.8131824498709546
3.1518921272903095
3.7155221297042407
3.0951517593338704
3.1772633273653383
3.2863282299221055
3.3327323039191956
10038:
4.058707215541165
3.2342391304347826
3.0467391304347826
3.2195332480818415
3.037503735245779
3.5157925284930354
3.5181374355195283
2.835116323417239
10039:
1.576190476190476

RMSE:0.9675230738980383
